Determining if the pthread_create exist failed with the following output:
Change Dir: /root/git/pm_github/pmpong/build/CMakeFiles/CMakeTmp

Run Build Command:"/usr/bin/make" "cmTC_38cdb/fast"
/usr/bin/make -f CMakeFiles/cmTC_38cdb.dir/build.make CMakeFiles/cmTC_38cdb.dir/build
make[1]: Entering directory '/root/git/pm_github/pmpong/build/CMakeFiles/CMakeTmp'
Building CXX object CMakeFiles/cmTC_38cdb.dir/CheckSymbolExists.cxx.o
/usr/bin/c++      -o CMakeFiles/cmTC_38cdb.dir/CheckSymbolExists.cxx.o -c /root/git/pm_github/pmpong/build/CMakeFiles/CMakeTmp/CheckSymbolExists.cxx
Linking CXX executable cmTC_38cdb
/usr/bin/cmake -E cmake_link_script CMakeFiles/cmTC_38cdb.dir/link.txt --verbose=1
/usr/bin/c++        CMakeFiles/cmTC_38cdb.dir/CheckSymbolExists.cxx.o  -o cmTC_38cdb -rdynamic 
CMakeFiles/cmTC_38cdb.dir/CheckSymbolExists.cxx.o: In function `main':
CheckSymbolExists.cxx:(.text+0x16): undefined reference to `pthread_create'
collect2: error: ld returned 1 exit status
CMakeFiles/cmTC_38cdb.dir/build.make:97: recipe for target 'cmTC_38cdb' failed
make[1]: *** [cmTC_38cdb] Error 1
make[1]: Leaving directory '/root/git/pm_github/pmpong/build/CMakeFiles/CMakeTmp'
Makefile:126: recipe for target 'cmTC_38cdb/fast' failed
make: *** [cmTC_38cdb/fast] Error 2

File /root/git/pm_github/pmpong/build/CMakeFiles/CMakeTmp/CheckSymbolExists.cxx:
/* */
#include <pthread.h>

int main(int argc, char** argv)
{
  (void)argv;
#ifndef pthread_create
  return ((int*)(&pthread_create))[argc];
#else
  (void)argc;
  return 0;
#endif
}

Determining if the function pthread_create exists in the pthreads failed with the following output:
Change Dir: /root/git/pm_github/pmpong/build/CMakeFiles/CMakeTmp

Run Build Command:"/usr/bin/make" "cmTC_668cc/fast"
/usr/bin/make -f CMakeFiles/cmTC_668cc.dir/build.make CMakeFiles/cmTC_668cc.dir/build
make[1]: Entering directory '/root/git/pm_github/pmpong/build/CMakeFiles/CMakeTmp'
Building CXX object CMakeFiles/cmTC_668cc.dir/CheckFunctionExists.cxx.o
/usr/bin/c++     -DCHECK_FUNCTION_EXISTS=pthread_create   -o CMakeFiles/cmTC_668cc.dir/CheckFunctionExists.cxx.o -c /root/git/pm_github/pmpong/build/CMakeFiles/CheckLibraryExists/CheckFunctionExists.cxx
Linking CXX executable cmTC_668cc
/usr/bin/cmake -E cmake_link_script CMakeFiles/cmTC_668cc.dir/link.txt --verbose=1
/usr/bin/c++    -DCHECK_FUNCTION_EXISTS=pthread_create    CMakeFiles/cmTC_668cc.dir/CheckFunctionExists.cxx.o  -o cmTC_668cc -rdynamic -lpthreads 
/usr/bin/x86_64-linux-gnu-ld: cannot find -lpthreads
collect2: error: ld returned 1 exit status
CMakeFiles/cmTC_668cc.dir/build.make:97: recipe for target 'cmTC_668cc' failed
make[1]: *** [cmTC_668cc] Error 1
make[1]: Leaving directory '/root/git/pm_github/pmpong/build/CMakeFiles/CMakeTmp'
Makefile:126: recipe for target 'cmTC_668cc/fast' failed
make: *** [cmTC_668cc/fast] Error 2


